This is XeTeX, Version 3.14159265-2.6-0.99992 (MiKTeX 2.9 64-bit) (preloaded format=xelatex 2015.10.25)  8 JAN 2017 00:30
entering extended mode
**Paper.tex
(Paper.tex
LaTeX2e <2015/10/01> patch level 1
Babel <3.9m> and hyphenation patterns for 69 languages loaded.
("C:\Program Files\MiKTeX 2.9\tex\latex\base\article.cls"
Document Class: article 2014/09/29 v1.4h Standard LaTeX document class
("C:\Program Files\MiKTeX 2.9\tex\latex\base\size10.clo"
File: size10.clo 2014/09/29 v1.4h Standard LaTeX file (size option)
)
\c@part=\count79
\c@section=\count80
\c@subsection=\count81
\c@subsubsection=\count82
\c@paragraph=\count83
\c@subparagraph=\count84
\c@figure=\count85
\c@table=\count86
\abovecaptionskip=\skip41
\belowcaptionskip=\skip42
\bibindent=\dimen102
)
("C:\Program Files\MiKTeX 2.9\tex\latex\blindtext\blindtext.sty"
Package: blindtext 2012/01/06 V2.0 blindtext-Package
 ("C:\Program Files\MiKTeX 2.9\tex\latex\tools\xspace.sty"
Package: xspace 2014/10/28 v1.13 Space after command names (DPC,MH)
)
\c@blindtext=\count87
\c@Blindtext=\count88
\c@blind@countparstart=\count89
\blind@countxx=\count90
\blindtext@numBlindtext=\count91
\blind@countyy=\count92
\c@blindlist=\count93
\c@blindlistlevel=\count94
\c@blindlist@level=\count95
\blind@listitem=\count96
\c@blind@listcount=\count97
\c@blind@levelcount=\count98
\blind@mathformula=\count99
\blind@Mathformula=\count100
\c@blind@randomcount=\count101
\c@blind@randommax=\count102
\c@blind@pangramcount=\count103
\c@blind@pangrammax=\count104
) ("C:\Program Files\MiKTeX 2.9\tex\latex\psnfss\mathpazo.sty"
Package: mathpazo 2005/04/12 PSNFSS-v9.2a Palatino w/ Pazo Math (D.Puga, WaS) 
\symupright=\mathgroup4
)
("C:\Program Files\MiKTeX 2.9\tex\latex\base\fontenc.sty"
Package: fontenc 2005/09/27 v1.99g Standard LaTeX package
 ("C:\Program Files\MiKTeX 2.9\tex\latex\base\t1enc.def"
File: t1enc.def 2005/09/27 v1.99g Standard LaTeX file
LaTeX Font Info:    Redeclaring font encoding T1 on input line 48.
))
("C:\Program Files\MiKTeX 2.9\tex\latex\microtype\microtype.sty"
Package: microtype 2013/05/23 v2.5a Micro-typographical refinements (RS)

("C:\Program Files\MiKTeX 2.9\tex\latex\graphics\keyval.sty"
Package: keyval 2014/10/28 v1.15 key=value parser (DPC)
\KV@toks@=\toks14
)
\MT@toks=\toks15
\MT@count=\count105
LaTeX Info: Redefining \textls on input line 766.
\MT@outer@kern=\dimen103
LaTeX Info: Redefining \textmicrotypecontext on input line 1285.
\MT@listname@count=\count106

("C:\Program Files\MiKTeX 2.9\tex\latex\microtype\microtype-xetex.def"
File: microtype-xetex.def 2013/05/23 v2.5a Definitions specific to xetex (RS)
LaTeX Info: Redefining \lsstyle on input line 254.
)
Package microtype Info: Loading configuration file microtype.cfg.

("C:\Program Files\MiKTeX 2.9\tex\latex\microtype\microtype.cfg"
File: microtype.cfg 2013/05/23 v2.5a microtype main configuration file (RS)
))
("C:\Program Files\MiKTeX 2.9\tex\generic\babel\babel.sty"
Package: babel 2015/08/03 3.9m The Babel package

*************************************
* Local config file bblopts.cfg used
*
("C:\Program Files\MiKTeX 2.9\tex\latex\00miktex\bblopts.cfg"
File: bblopts.cfg 2006/07/31 v1.0 MiKTeX 'babel' configuration
)
("C:\Program Files\MiKTeX 2.9\tex\latex\babel-english\english.ldf"
Language: english 2012/08/20 v3.3p English support from the babel system

("C:\Program Files\MiKTeX 2.9\tex\generic\babel\babel.def"
File: babel.def 2015/08/03 3.9m Babel common definitions
\babel@savecnt=\count107
\U@D=\dimen104
 ("C:\Program Files\MiKTeX 2.9\tex\generic\babel\xebabel.def"))
\l@canadian = a dialect from \language\l@american 
\l@australian = a dialect from \language\l@british 
\l@newzealand = a dialect from \language\l@british 
)) ("C:\Program Files\MiKTeX 2.9\tex\latex\geometry\geometry.sty"
Package: geometry 2010/09/12 v5.6 Page Geometry

("C:\Program Files\MiKTeX 2.9\tex\generic\oberdiek\ifpdf.sty"
Package: ifpdf 2011/01/30 v2.3 Provides the ifpdf switch (HO)
Package ifpdf Info: pdfTeX in PDF mode is not detected.
)
("C:\Program Files\MiKTeX 2.9\tex\generic\oberdiek\ifvtex.sty"
Package: ifvtex 2010/03/01 v1.5 Detect VTeX and its facilities (HO)
Package ifvtex Info: VTeX not detected.
)
("C:\Program Files\MiKTeX 2.9\tex\generic\ifxetex\ifxetex.sty"
Package: ifxetex 2010/09/12 v0.6 Provides ifxetex conditional
)
\Gm@cnth=\count108
\Gm@cntv=\count109
\c@Gm@tempcnt=\count110
\Gm@bindingoffset=\dimen105
\Gm@wd@mp=\dimen106
\Gm@odd@mp=\dimen107
\Gm@even@mp=\dimen108
\Gm@layoutwidth=\dimen109
\Gm@layoutheight=\dimen110
\Gm@layouthoffset=\dimen111
\Gm@layoutvoffset=\dimen112
\Gm@dimlist=\toks16

("C:\Program Files\MiKTeX 2.9\tex\xelatex\xetexconfig\geometry.cfg"))
("C:\Program Files\MiKTeX 2.9\tex\latex\caption\caption.sty"
Package: caption 2015/09/17 v3.3-111 Customizing captions (AR)
 ("C:\Program Files\MiKTeX 2.9\tex\latex\caption\caption3.sty"
Package: caption3 2015/09/20 v1.7-115 caption3 kernel (AR)
Package caption3 Info: TeX engine: e-TeX on input line 57.
\captionmargin=\dimen113
\captionmargin@=\dimen114
\captionwidth=\dimen115
\caption@tempdima=\dimen116
\caption@indent=\dimen117
\caption@parindent=\dimen118
\caption@hangindent=\dimen119
)
\c@ContinuedFloat=\count111
) ("C:\Program Files\MiKTeX 2.9\tex\latex\booktabs\booktabs.sty"
Package: booktabs 2005/04/14 v1.61803 publication quality tables
\heavyrulewidth=\dimen120
\lightrulewidth=\dimen121
\cmidrulewidth=\dimen122
\belowrulesep=\dimen123
\belowbottomsep=\dimen124
\aboverulesep=\dimen125
\abovetopsep=\dimen126
\cmidrulesep=\dimen127
\cmidrulekern=\dimen128
\defaultaddspace=\dimen129
\@cmidla=\count112
\@cmidlb=\count113
\@aboverulesep=\dimen130
\@belowrulesep=\dimen131
\@thisruleclass=\count114
\@lastruleclass=\count115
\@thisrulewidth=\dimen132
)
("C:\Program Files\MiKTeX 2.9\tex\latex\lettrine\lettrine.sty"
File: lettrine.sty 2015/08/31 v1.9 (Daniel Flipo)
\c@DefaultLines=\count116
\c@DefaultDepth=\count117
\DefaultFindent=\dimen133
\DefaultNindent=\dimen134
\DefaultSlope=\dimen135
\DiscardVskip=\dimen136
\L@lbox=\box26
\L@tbox=\box27
\c@L@lines=\count118
\c@L@depth=\count119
\L@Pindent=\dimen137
\L@Findent=\dimen138
\L@Nindent=\dimen139
\L@lraise=\dimen140
\L@first=\dimen141
\L@next=\dimen142
\L@slope=\dimen143
\L@height=\dimen144
\L@novskip=\dimen145
\LettrineWidth=\dimen146
\LettrineHeight=\dimen147
\LettrineDepth=\dimen148

Loading lettrine.cfg
("C:\Program Files\MiKTeX 2.9\tex\latex\lettrine\lettrine.cfg"))
("C:\Program Files\MiKTeX 2.9\tex\latex\enumitem\enumitem.sty"
Package: enumitem 2011/09/28 v3.5.2 Customized lists
\labelindent=\skip43
\enit@outerparindent=\dimen149
\enit@toks=\toks17
\enit@inbox=\box28
\enitdp@description=\count120
)
("C:\Program Files\MiKTeX 2.9\tex\latex\abstract\abstract.sty"
Package: abstract 2009/06/08 v1.2a configurable abstracts
\abstitleskip=\skip44
\absleftindent=\skip45
\absrightindent=\skip46
\absparindent=\skip47
\absparsep=\skip48
)
("C:\Program Files\MiKTeX 2.9\tex\latex\titlesec\titlesec.sty"
Package: titlesec 2011/12/15 v2.10.0 Sectioning titles
\ttl@box=\box29
\beforetitleunit=\skip49
\aftertitleunit=\skip50
\ttl@plus=\dimen150
\ttl@minus=\dimen151
\ttl@toksa=\toks18
\titlewidth=\dimen152
\titlewidthlast=\dimen153
\titlewidthfirst=\dimen154
)
("C:\Program Files\MiKTeX 2.9\tex\latex\titlesec\block.tss"
File: block.tss 2011/12/15
)
("C:\Program Files\MiKTeX 2.9\tex\latex\fancyhdr\fancyhdr.sty"
\fancy@headwidth=\skip51
\f@ncyO@elh=\skip52
\f@ncyO@erh=\skip53
\f@ncyO@olh=\skip54
\f@ncyO@orh=\skip55
\f@ncyO@elf=\skip56
\f@ncyO@erf=\skip57
\f@ncyO@olf=\skip58
\f@ncyO@orf=\skip59
)
("C:\Program Files\MiKTeX 2.9\tex\latex\titling\titling.sty"
Package: titling 2009/09/04 v2.1d maketitle typesetting
\thanksmarkwidth=\skip60
\thanksmargin=\skip61
\droptitle=\skip62
)
("C:\Program Files\MiKTeX 2.9\tex\latex\hyperref\hyperref.sty"
Package: hyperref 2012/11/06 v6.83m Hypertext links for LaTeX

("C:\Program Files\MiKTeX 2.9\tex\generic\oberdiek\hobsub-hyperref.sty"
Package: hobsub-hyperref 2012/04/25 v1.12 Bundle oberdiek, subset hyperref (HO)

("C:\Program Files\MiKTeX 2.9\tex\generic\oberdiek\hobsub-generic.sty"
Package: hobsub-generic 2012/04/25 v1.12 Bundle oberdiek, subset generic (HO)
Package: hobsub 2012/04/25 v1.12 Construct package bundles (HO)
Package: infwarerr 2010/04/08 v1.3 Providing info/warning/error messages (HO)
Package: ltxcmds 2011/11/09 v1.22 LaTeX kernel commands for general use (HO)
Package: ifluatex 2010/03/01 v1.3 Provides the ifluatex switch (HO)
Package ifluatex Info: LuaTeX not detected.
Package hobsub Info: Skipping package `ifvtex' (already loaded).
Package: intcalc 2007/09/27 v1.1 Expandable calculations with integers (HO)
Package hobsub Info: Skipping package `ifpdf' (already loaded).
Package: etexcmds 2011/02/16 v1.5 Avoid name clashes with e-TeX commands (HO)
Package etexcmds Info: Could not find \expanded.
(etexcmds)             That can mean that you are not using pdfTeX 1.50 or
(etexcmds)             that some package has redefined \expanded.
(etexcmds)             In the latter case, load this package earlier.
Package: kvsetkeys 2012/04/25 v1.16 Key value parser (HO)
Package: kvdefinekeys 2011/04/07 v1.3 Define keys (HO)
Package: pdftexcmds 2011/11/29 v0.20 Utility functions of pdfTeX for LuaTeX (HO)
Package pdftexcmds Info: LuaTeX not detected.
Package pdftexcmds Info: pdfTeX >= 1.30 not detected.
Package pdftexcmds Info: \pdf@primitive is available.
Package pdftexcmds Info: \pdf@ifprimitive is available.
Package pdftexcmds Info: \pdfdraftmode not found.
Package: pdfescape 2011/11/25 v1.13 Implements pdfTeX's escape features (HO)
Package: bigintcalc 2012/04/08 v1.3 Expandable calculations on big integers (HO)
Package: bitset 2011/01/30 v1.1 Handle bit-vector datatype (HO)
Package: uniquecounter 2011/01/30 v1.2 Provide unlimited unique counter (HO)
)
Package hobsub Info: Skipping package `hobsub' (already loaded).
Package: letltxmacro 2010/09/02 v1.4 Let assignment for LaTeX macros (HO)
Package: hopatch 2011/06/24 v1.1 Wrapper for package hooks (HO)
Package: xcolor-patch 2011/01/30 xcolor patch
Package: atveryend 2011/06/30 v1.8 Hooks at the very end of document (HO)
Package atveryend Info: \enddocument detected (standard20110627).
Package: atbegshi 2011/10/05 v1.16 At begin shipout hook (HO)
Package: refcount 2011/10/16 v3.4 Data extraction from label references (HO)
Package: hycolor 2011/01/30 v1.7 Color options for hyperref/bookmark (HO)
)
("C:\Program Files\MiKTeX 2.9\tex\latex\oberdiek\auxhook.sty"
Package: auxhook 2011/03/04 v1.3 Hooks for auxiliary files (HO)
)
("C:\Program Files\MiKTeX 2.9\tex\latex\oberdiek\kvoptions.sty"
Package: kvoptions 2011/06/30 v3.11 Key value format for package options (HO)
)
\@linkdim=\dimen155
\Hy@linkcounter=\count121
\Hy@pagecounter=\count122

("C:\Program Files\MiKTeX 2.9\tex\latex\hyperref\pd1enc.def"
File: pd1enc.def 2012/11/06 v6.83m Hyperref: PDFDocEncoding definition (HO)
)
\Hy@SavedSpaceFactor=\count123

("C:\Program Files\MiKTeX 2.9\tex\latex\00miktex\hyperref.cfg"
File: hyperref.cfg 2002/06/06 v1.2 hyperref configuration of TeXLive
)
Package hyperref Info: Hyper figures OFF on input line 4443.
Package hyperref Info: Link nesting OFF on input line 4448.
Package hyperref Info: Hyper index ON on input line 4451.
Package hyperref Info: Plain pages OFF on input line 4458.
Package hyperref Info: Backreferencing OFF on input line 4463.
Package hyperref Info: Implicit mode ON; LaTeX internals redefined.
Package hyperref Info: Bookmarks ON on input line 4688.
\c@Hy@tempcnt=\count124
 ("C:\Program Files\MiKTeX 2.9\tex\latex\url\url.sty"
\Urlmuskip=\muskip10
Package: url 2013/09/16  ver 3.4  Verb mode for urls, etc.
)
LaTeX Info: Redefining \url on input line 5041.
\XeTeXLinkMargin=\dimen156
\Fld@menulength=\count125
\Field@Width=\dimen157
\Fld@charsize=\dimen158
Package hyperref Info: Hyper figures OFF on input line 6295.
Package hyperref Info: Link nesting OFF on input line 6300.
Package hyperref Info: Hyper index ON on input line 6303.
Package hyperref Info: backreferencing OFF on input line 6310.
Package hyperref Info: Link coloring OFF on input line 6315.
Package hyperref Info: Link coloring with OCG OFF on input line 6320.
Package hyperref Info: PDF/A mode OFF on input line 6325.
LaTeX Info: Redefining \ref on input line 6365.
LaTeX Info: Redefining \pageref on input line 6369.
\Hy@abspage=\count126
\c@Item=\count127
\c@Hfootnote=\count128
)

Package hyperref Message: Driver (autodetected): hxetex.

("C:\Program Files\MiKTeX 2.9\tex\latex\hyperref\hxetex.def"
File: hxetex.def 2012/11/06 v6.83m Hyperref driver for XeTeX
 ("C:\Program Files\MiKTeX 2.9\tex\latex\hyperref\puenc.def"
File: puenc.def 2012/11/06 v6.83m Hyperref: PDF Unicode definition (HO)
) ("C:\Program Files\MiKTeX 2.9\tex\generic\oberdiek\stringenc.sty"
Package: stringenc 2011/12/02 v1.10 Convert strings between diff. encodings (HO)
)
\pdfm@box=\box30
\c@Hy@AnnotLevel=\count129
\HyField@AnnotCount=\count130
\Fld@listcount=\count131
\c@bookmark@seq@number=\count132

("C:\Program Files\MiKTeX 2.9\tex\latex\oberdiek\rerunfilecheck.sty"
Package: rerunfilecheck 2011/04/15 v1.7 Rerun checks for auxiliary files (HO)
Package rerunfilecheck Info: Feature \pdfmdfivesum is not available
(rerunfilecheck)             (e.g. pdfTeX or LuaTeX with package `pdftexcmds').
(rerunfilecheck)             Therefore file contents cannot be checked efficiently
(rerunfilecheck)             and the loading of the package is aborted.
)
\Hy@SectionHShift=\skip63
) (Paper.aux)
LaTeX Font Info:    Checking defaults for OML/cmm/m/it on input line 90.
LaTeX Font Info:    ... okay on input line 90.
LaTeX Font Info:    Checking defaults for T1/cmr/m/n on input line 90.
LaTeX Font Info:    ... okay on input line 90.
LaTeX Font Info:    Checking defaults for OT1/cmr/m/n on input line 90.
LaTeX Font Info:    ... okay on input line 90.
LaTeX Font Info:    Checking defaults for OMS/cmsy/m/n on input line 90.
LaTeX Font Info:    ... okay on input line 90.
LaTeX Font Info:    Checking defaults for OMX/cmex/m/n on input line 90.
LaTeX Font Info:    ... okay on input line 90.
LaTeX Font Info:    Checking defaults for U/cmr/m/n on input line 90.
LaTeX Font Info:    ... okay on input line 90.
LaTeX Font Info:    Checking defaults for PD1/pdf/m/n on input line 90.
LaTeX Font Info:    ... okay on input line 90.
LaTeX Font Info:    Checking defaults for PU/pdf/m/n on input line 90.
LaTeX Font Info:    ... okay on input line 90.
LaTeX Font Info:    Try loading font information for T1+pplx on input line 90.

("C:\Program Files\MiKTeX 2.9\tex\latex\psnfss\t1pplx.fd"
File: t1pplx.fd 2004/09/06 font definitions for T1/pplx.
)
\big@size=\dimen159
LaTeX Info: Redefining \microtypecontext on input line 90.
Package microtype Info: Character protrusion enabled (level 2).
Package microtype Info: Using default protrusion set `alltext'.
Package microtype Info: No adjustment of tracking.
Package microtype Info: No adjustment of spacing.
Package microtype Info: No adjustment of kerning.
 ("C:\Program Files\MiKTeX 2.9\tex\latex\microtype\mt-ppl.cfg"
File: mt-ppl.cfg 2005/11/16 v1.6 microtype config. file: Palatino (RS)
)
*geometry* detected driver: pdftex
*geometry* verbose mode - [ preamble ] result:
* driver: pdftex
* paper: <default>
* layout: <same size as paper>
* layoutoffset:(h,v)=(0.0pt,0.0pt)
* hratio: 1:1
* modes: twoside 
* h-part:(L,W,R)=(92.14519pt, 430.00462pt, 92.14519pt)
* v-part:(T,H,B)=(91.04881pt, 608.5238pt, 95.39737pt)
* \paperwidth=614.295pt
* \paperheight=794.96999pt
* \textwidth=430.00462pt
* \textheight=608.5238pt
* \oddsidemargin=19.8752pt
* \evensidemargin=19.8752pt
* \topmargin=-18.22118pt
* \headheight=12.0pt
* \headsep=25.0pt
* \topskip=10.0pt
* \footskip=30.0pt
* \marginparwidth=48.0pt
* \marginparsep=10.0pt
* \columnsep=20.0pt
* \skip\footins=9.0pt plus 4.0pt minus 2.0pt
* \hoffset=0.0pt
* \voffset=0.0pt
* \mag=1000
* \@twocolumntrue
* \@twosidetrue
* \@mparswitchtrue
* \@reversemarginfalse
* (1in=72.27pt=25.4mm, 1cm=28.453pt)

Package caption Info: Begin \AtBeginDocument code.
Package caption Info: hyperref package is loaded.
Package caption Info: End \AtBeginDocument code.
\AtBeginShipoutBox=\box31
Package hyperref Info: Link coloring OFF on input line 90.
("C:\Program Files\MiKTeX 2.9\tex\latex\hyperref\nameref.sty"
Package: nameref 2012/10/27 v2.43 Cross-referencing by name of section

("C:\Program Files\MiKTeX 2.9\tex\generic\oberdiek\gettitlestring.sty"
Package: gettitlestring 2010/12/03 v1.4 Cleanup title references (HO)
)
\c@section@level=\count133
)
LaTeX Info: Redefining \ref on input line 90.
LaTeX Info: Redefining \pageref on input line 90.
LaTeX Info: Redefining \nameref on input line 90.
 (Paper.out) (Paper.out)
\@outlinefile=\write3
LaTeX Font Info:    Font shape `T1/pplx/bx/n' in size <24.88> not available
(Font)              Font shape `T1/pplx/b/n' tried instead on input line 94.
LaTeX Font Info:    Try loading font information for OT1+pplx on input line 94.

("C:\Program Files\MiKTeX 2.9\tex\latex\psnfss\ot1pplx.fd"
File: ot1pplx.fd 2004/09/06 font definitions for OT1/pplx.
)
LaTeX Font Info:    Try loading font information for OML+zplm on input line 94.
 ("C:\Program Files\MiKTeX 2.9\tex\latex\psnfss\omlzplm.fd"
File: omlzplm.fd 2002/09/08 Fontinst v1.914 font definitions for OML/zplm.
)
LaTeX Font Info:    Try loading font information for OMS+zplm on input line 94.

("C:\Program Files\MiKTeX 2.9\tex\latex\psnfss\omszplm.fd"
File: omszplm.fd 2002/09/08 Fontinst v1.914 font definitions for OMS/zplm.
)
LaTeX Font Info:    Try loading font information for OMX+zplm on input line 94.
 ("C:\Program Files\MiKTeX 2.9\tex\latex\psnfss\omxzplm.fd"
File: omxzplm.fd 2002/09/08 Fontinst v1.914 font definitions for OMX/zplm.
)
LaTeX Font Info:    Try loading font information for OT1+zplm on input line 94.

("C:\Program Files\MiKTeX 2.9\tex\latex\psnfss\ot1zplm.fd"
File: ot1zplm.fd 2002/09/08 Fontinst v1.914 font definitions for OT1/zplm.
)
Package microtype Info: Loading generic settings for font family
(microtype)             `zplm' (encoding: OT1).
(microtype)             For optimal results, create family-specific settings.
(microtype)             See the microtype manual for details.
Package microtype Info: Character `029' is missing
(microtype)             in font `T1/pplx/m/sc/12'.
(microtype)             Ignoring protrusion settings for this character.
LaTeX Font Info:    Try loading font information for OMS+pplx on input line 94.
LaTeX Font Info:    No file OMSpplx.fd. on input line 94.


LaTeX Font Warning: Font shape `OMS/pplx/m/n' undefined
(Font)              using `OMS/cmsy/m/n' instead
(Font)              for symbol `textasteriskcentered' on input line 94.

LaTeX Font Info:    Font shape `T1/pplx/bx/n' in size <10> not available
(Font)              Font shape `T1/pplx/b/n' tried instead on input line 94.
("C:\Program Files\MiKTeX 2.9\tex\generic\oberdiek\se-ascii-print.def"
File: se-ascii-print.def 2011/12/02 v1.10 stringenc: Printable ASCII characters
)
Package microtype Info: Character `029' is missing
(microtype)             in font `T1/pplx/m/sc/10'.
(microtype)             Ignoring protrusion settings for this character.


LaTeX Warning: Reference `sec:method' on page 1 undefined on input line 112.


LaTeX Warning: Reference `sec:results' on page 1 undefined on input line 112.


Underfull \hbox (badness 1418) in paragraph at lines 105--116
\T1/pplx/m/n/10 or more op-er-a-tors, so the in-creas-ing use
 []


Underfull \hbox (badness 3000) in paragraph at lines 105--116
\T1/pplx/m/n/10 ve-hi-cles and thus re-quire a de-crease of
 []


Underfull \hbox (badness 2671) in paragraph at lines 105--116
\T1/pplx/m/n/10 tonomously and changes the role of an
 []


Underfull \hbox (badness 10000) in paragraph at lines 105--116

 []


Underfull \hbox (badness 6741) in paragraph at lines 105--116
\T1/pplx/m/n/10 Supportive tools that sup-port col-lab-o-ra-
 []


Underfull \hbox (badness 1810) in paragraph at lines 105--116
\T1/pplx/m/n/10 strengths of both hu-mans and au-ton-omy
 []


Underfull \hbox (badness 1221) in paragraph at lines 105--116
\T1/pplx/m/n/10 trust and worse per-for-mance in terms of
 []


Underfull \hbox (badness 2460) in paragraph at lines 105--116
\T1/pplx/m/n/10 to an (in)correct so-lu-tion and sit-u-a-tional
 []


Underfull \hbox (badness 10000) in paragraph at lines 105--116

 []


Underfull \hbox (badness 1320) in paragraph at lines 105--116
\T1/pplx/m/n/10 users had dif-fer-ent in-ter-pre-ta-tions of (the
 []


Underfull \hbox (badness 10000) in paragraph at lines 105--116

 []


Underfull \hbox (badness 5985) in paragraph at lines 105--116
\T1/pplx/m/n/10 These re-sults sug-gest that align-ing the
 []


Underfull \vbox (badness 10000) has occurred while \output is active []

 [1


]
Underfull \hbox (badness 1831) in paragraph at lines 124--143
\T1/pplx/m/n/10 their goals and con-straints for a spe-cific
 []


Underfull \hbox (badness 1348) in paragraph at lines 124--143
\T1/pplx/m/n/10 mis-sion to the sys-tem so the au-toma-tion
 []


Underfull \hbox (badness 10000) in paragraph at lines 124--143

 []


Underfull \hbox (badness 4060) in paragraph at lines 124--143
\T1/pplx/m/n/10 To del-e-gate tasks to au-toma-tion, Miller
 []


Underfull \hbox (badness 3557) in paragraph at lines 124--143
\T1/pplx/m/n/10 ar-chi-tec-ture con-tains pre-de-ter-mined plays
 []


Underfull \hbox (badness 10000) in paragraph at lines 124--143

 []


Underfull \hbox (badness 1275) in paragraph at lines 124--143
\T1/pplx/m/n/10 suc-cess-ful out-come of an op-er-a-tion when
 []


Underfull \hbox (badness 10000) in paragraph at lines 124--143

 []


Underfull \hbox (badness 3039) in paragraph at lines 124--143
\T1/pplx/m/n/10 The com-man-der's in-tent is build up of
 []


Underfull \hbox (badness 1168) in paragraph at lines 124--143
\T1/pplx/m/n/10 trine Com-mit-tee, 2013), the in-tent should
 []


Underfull \hbox (badness 1655) in paragraph at lines 124--143
\T1/pplx/m/n/10 pro-vide clear-ness about the ef-fects to be
 []


Underfull \hbox (badness 10000) in paragraph at lines 124--143

 []


Underfull \hbox (badness 2376) in paragraph at lines 124--143
\T1/pplx/m/n/10 The method sec-tion of the com-man-der's
 []


Underfull \hbox (badness 1354) in paragraph at lines 124--143
\T1/pplx/m/n/10 ex-e-cu-tion of an op-er-a-tion. Sys-tems and
 []


Underfull \hbox (badness 1867) in paragraph at lines 124--143
\T1/pplx/m/n/10 what the com-man-der ex-pects from them,
 []


Underfull \vbox (badness 10000) has occurred while \output is active []

 [2]
Underfull \hbox (badness 1867) in paragraph at lines 145--149
\T1/pplx/m/n/10 To struc-ture the var-i-ous ob-jec-tives of an
 []


Underfull \hbox (badness 10000) in paragraph at lines 145--149

 []


Underfull \hbox (badness 1502) in paragraph at lines 145--149
\T1/pplx/m/n/10 The five lay-ers of ab-strac-tion are la-beled
 []


Underfull \hbox (badness 1168) in paragraph at lines 145--149
\T1/pplx/m/n/10 dif-fer-ently in for-mer stud-ies. The la-bels
 []


Underfull \hbox (badness 1194) in paragraph at lines 152--153
[]\T1/pplx/m/n/10 Physical func-tions: The func-tions the
 []

! Undefined control sequence.
l.160 ^^I^^I\includegraphics
                            [width=0.4\textwidth]{images/ads.png}
The control sequence at the end of the top line
of your error message was never \def'ed. If you have
misspelled it (e.g., `\hobx'), type `I' and the correct
spelling (e.g., `I\hbox'). Otherwise just continue,
and I'll forget about whatever was undefined.

! Missing number, treated as zero.
<to be read again> 
                   ]
l.160 ^^I^^I\includegraphics[width=0.4\textwidth]
                                                 {images/ads.png}
A number should have been here; I inserted `0'.
(If you can't figure out why I needed to see a number,
look up `weird error' in the index to The TeXbook.)

! Illegal unit of measure (pt inserted).
<to be read again> 
                   ]
l.160 ^^I^^I\includegraphics[width=0.4\textwidth]
                                                 {images/ads.png}
Dimensions can be in units of em, ex, in, pt, pc,
cm, mm, dd, cc, bp, or sp; but yours is a new one!
I'll assume that you meant to say pt, for printer's points.
To recover gracefully from this error, it's best to
delete the erroneous units; e.g., type `2' to delete
two letters. (See Chapter 27 of The TeXbook.)

LaTeX Font Info:    Font shape `T1/pplx/bx/n' in size <9> not available
(Font)              Font shape `T1/pplx/b/n' tried instead on input line 161.

Underfull \hbox (badness 1596) in paragraph at lines 156--174
\T1/pplx/m/n/10 iden-ti-fied val-ues in lit-er-a-ture for mil-i-tary
 []


Underfull \hbox (badness 1960) in paragraph at lines 156--174
\T1/pplx/m/n/10 re-quire nor-ma-tive in-for-ma-tion about how
 []


Underfull \hbox (badness 10000) in paragraph at lines 156--174

 []


Underfull \hbox (badness 3635) in paragraph at lines 156--174
\T1/pplx/m/n/10 While nor-ma-tive guide-lines can be in-te-
 []


Underfull \hbox (badness 2717) in paragraph at lines 156--174
\T1/pplx/m/n/10 grated in and com-mu-ni-cated to sys-tems
 []


Underfull \hbox (badness 1009) in paragraph at lines 156--174
\T1/pplx/m/n/10 the phys-i-cal func-tions within that pro-cess
 []


Underfull \hbox (badness 2538) in paragraph at lines 156--174
\T1/pplx/m/n/10 con-sid-ered, there typ-i-cally is no gen-eral
 []


Underfull \hbox (badness 1755) in paragraph at lines 156--174
\T1/pplx/m/n/10 op-ti-mal set-ting for each pa-ram-e-ter, since
 []


Underfull \hbox (badness 1558) in paragraph at lines 156--174
\T1/pplx/m/n/10 that con-flict each other and thus re-quire
 []


Underfull \hbox (badness 1163) in paragraph at lines 156--174
\T1/pplx/m/n/10 the de-sign phase of a sys-tem al-ready so
 []

[3]
Underfull \hbox (badness 1895) in paragraph at lines 176--177
[]\T1/pplx/m/n/10 Information qual-ity and quan-tity:
 []

[4]
Underfull \hbox (badness 10000) in paragraph at lines 197--204

 []


Underfull \hbox (badness 2941) in paragraph at lines 197--204
\T1/pplx/m/n/10 The full the-sis shows an ex-am-ple of a
 []


Underfull \hbox (badness 4242) in paragraph at lines 197--204
\T1/pplx/m/n/10 pro-to-type for an in-ter-ac-tion de-sign pat-
 []


Underfull \hbox (badness 1596) in paragraph at lines 197--204
\T1/pplx/m/n/10 tern (proto-pattern) to com-mu-ni-cate these
 []


Underfull \hbox (badness 1048) in paragraph at lines 208--218
\T1/pplx/m/n/10 per-for-mance. The chal-lenge for the user
 []


Underfull \hbox (badness 1226) in paragraph at lines 208--218
\T1/pplx/m/n/10 sit-u-a-tions, this might be im-pos-si-ble, thus
 []


Underfull \hbox (badness 10000) in paragraph at lines 208--218

 []


Underfull \hbox (badness 4595) in paragraph at lines 208--218
\T1/pplx/m/n/10 Transparency in-for-ma-tion should pro-vide
 []


Underfull \hbox (badness 1082) in paragraph at lines 208--218
\T1/pplx/m/n/10 phys-i-cal func-tions (TODO: Find source in
 []


Underfull \hbox (badness 1199) in paragraph at lines 208--218
\T1/pplx/m/n/10 not have worked suf-fi-ciently to de-ter the
 []


Underfull \hbox (badness 10000) in paragraph at lines 208--218

 []


Underfull \hbox (badness 10000) in paragraph at lines 208--218
\T1/pplx/m/n/10 The dilem-mas be-tween the nor-ma-tive
 []


Underfull \hbox (badness 1062) in paragraph at lines 208--218
\T1/pplx/m/n/10 ma-tion should im-prove the un-der-stand-ing
 []


Underfull \hbox (badness 10000) in paragraph at lines 208--218

 []


Underfull \hbox (badness 3250) in paragraph at lines 208--218
\T1/pplx/m/n/10 A suit-able method to make the sys-tem
 []


Underfull \hbox (badness 1270) in paragraph at lines 208--218
\T1/pplx/m/n/10 more trans-par-ent, con-sid-er-ing the re-quire-
 []


Underfull \hbox (badness 10000) in paragraph at lines 208--218

 []


Underfull \vbox (badness 10000) has occurred while \output is active []

 [5]
Underfull \hbox (badness 10000) in paragraph at lines 228--229
\T1/pplx/m/n/10 Dependent mea-sures in-cluded op-er-a-tor
 []


Underfull \hbox (badness 5970) in paragraph at lines 228--229
\T1/pplx/m/n/10 per-for-mance mea-sures (ap-pro-pri-ate (non-
 []

Missing character: There is no ’ in font pplr9e!
Missing character: There is no ’ in font pplr9e!

Underfull \hbox (badness 1303) in paragraph at lines 231--234
\T1/pplx/m/n/10 and giv-ing in-formed con-sent, par-tic-i-pants
 []


Underfull \hbox (badness 10000) in paragraph at lines 231--234

 []


Underfull \hbox (badness 1215) in paragraph at lines 231--234
\T1/pplx/m/n/10 ad-di-tional trans-parency in-for-ma-tion. The
 []


Underfull \hbox (badness 1231) in paragraph at lines 231--234
\T1/pplx/m/n/10 task. There-after, the par-tic-i-pants had to
 []


Underfull \hbox (badness 1152) in paragraph at lines 236--239
\T1/pplx/m/n/10 four mis-sions each. In one of two mis-
 []

[6]
Underfull \hbox (badness 10000) in paragraph at lines 273--275
\T1/pplx/m/n/10 A state-ment re-quir-ing ci-ta-tion
 []


Underfull \hbox (badness 1742) in paragraph at lines 273--275
\T1/pplx/m/n/10 [[]]. Lorem ip-sum
 []


Underfull \hbox (badness 1226) in paragraph at lines 273--275
\T1/pplx/m/n/10 in sapien. Lorem ip-sum do-lor sit amet,
 []

[7]
Underfull \hbox (badness 2486) in paragraph at lines 287--291
[]\T1/pplx/m/n/10 Figueredo, A. J.
 []

Package atveryend Info: Empty hook `BeforeClearDocument' on input line 296.
[8

]
Package atveryend Info: Empty hook `AfterLastShipout' on input line 296.
 (Paper.aux)
Package atveryend Info: Empty hook `AtVeryEndDocument' on input line 296.
Package atveryend Info: Empty hook `AtEndAfterFileList' on input line 296.


LaTeX Font Warning: Some font shapes were not available, defaults substituted.


LaTeX Warning: There were undefined references.


LaTeX Warning: Label(s) may have changed. Rerun to get cross-references right.

Package atveryend Info: Empty hook `AtVeryVeryEnd' on input line 296.
 ) 
Here is how much of TeX's memory you used:
 12121 strings out of 428724
 177864 string characters out of 3164157
 294246 words of memory out of 3000000
 15399 multiletter control sequences out of 15000+200000
 49160 words of font info for 74 fonts, out of 3000000 for 9000
 1096 hyphenation exceptions out of 8191
 37i,13n,48p,1556b,537s stack positions out of 5000i,500n,10000p,200000b,50000s

Output written on Paper.pdf (8 pages).
